<?xml version="1.0" encoding="UTF-8"?>
<!-- Generated by org.testng.reporters.JUnitReportReporter -->
<testsuite hostname="LAPTOP-6342DMDT" failures="0" tests="1" name="testcase.SignIn" time="39.731" errors="0" timestamp="2024-01-28T19:08:44 IST" skipped="0">
  <testcase classname="testcase.SignIn" name="signInTest" time="39.731"/>
</testsuite> <!-- testcase.SignIn -->
